  Source.cpp
c:\users\thomas\source\repos\advshaders\terrain\terrain\src\source.cpp(130): warning C4244: 'argument': conversion from 'time_t' to 'unsigned int', possible loss of data
c:\users\thomas\source\repos\advshaders\terrain\terrain\src\source.cpp(131): warning C4244: '=': conversion from 'int' to 'float', possible loss of data
c:\users\thomas\source\repos\advshaders\terrain\terrain\src\source.cpp(142): warning C4244: 'initializing': conversion from 'double' to 'float', possible loss of data
c:\users\thomas\source\repos\advshaders\terrain\terrain\src\source.cpp(174): warning C4305: 'argument': truncation from 'double' to 'float'
c:\users\thomas\source\repos\advshaders\terrain\terrain\src\source.cpp(268): warning C4244: 'argument': conversion from 'double' to 'float', possible loss of data
c:\users\thomas\source\repos\advshaders\terrain\terrain\src\source.cpp(271): warning C4244: 'argument': conversion from 'double' to 'float', possible loss of data
c:\users\thomas\source\repos\advshaders\terrain\terrain\src\source.cpp(301): warning C4244: '=': conversion from 'int' to 'float', possible loss of data
c:\users\thomas\source\repos\advshaders\terrain\terrain\src\source.cpp(404): warning C4244: '=': conversion from 'double' to 'float', possible loss of data
c:\users\thomas\source\repos\advshaders\terrain\terrain\src\source.cpp(405): warning C4244: '=': conversion from 'double' to 'float', possible loss of data
c:\users\thomas\source\repos\advshaders\terrain\terrain\src\source.cpp(409): warning C4244: 'initializing': conversion from 'double' to 'float', possible loss of data
c:\users\thomas\source\repos\advshaders\terrain\terrain\src\source.cpp(410): warning C4244: 'initializing': conversion from 'double' to 'float', possible loss of data
c:\users\thomas\source\repos\advshaders\terrain\terrain\src\source.cpp(412): warning C4244: '=': conversion from 'double' to 'float', possible loss of data
c:\users\thomas\source\repos\advshaders\terrain\terrain\src\source.cpp(413): warning C4244: '=': conversion from 'double' to 'float', possible loss of data
c:\users\thomas\source\repos\advshaders\terrain\terrain\src\source.cpp(423): warning C4244: 'argument': conversion from 'double' to 'float', possible loss of data
  Terrain.cpp
c:\users\thomas\source\repos\advshaders\terrain\terrain\src\terrain.cpp(60): warning C4244: 'argument': conversion from 'float' to 'int', possible loss of data
c:\users\thomas\source\repos\advshaders\terrain\terrain\src\terrain.cpp(61): warning C4244: 'argument': conversion from 'float' to 'int', possible loss of data
c:\users\thomas\source\repos\advshaders\terrain\terrain\src\terrain.cpp(62): warning C4244: 'argument': conversion from 'float' to 'int', possible loss of data
c:\users\thomas\source\repos\advshaders\terrain\terrain\src\terrain.cpp(63): warning C4244: 'argument': conversion from 'float' to 'int', possible loss of data
c:\users\thomas\source\repos\advshaders\terrain\terrain\src\terrain.cpp(64): warning C4244: 'argument': conversion from 'float' to 'int', possible loss of data
c:\users\thomas\source\repos\advshaders\terrain\terrain\src\terrain.cpp(65): warning C4244: 'argument': conversion from 'float' to 'int', possible loss of data
  Generating Code...
  Terrain.vcxproj -> C:\Users\Thomas\source\repos\AdvShaders\Terrain\Debug\Terrain.exe
